[30m[0;39m [32m2020-03-28 10:41:39[0;39m [32m[main][0;39m [31mWARN [0;39m [1;35mcom.netflix.config.sources.URLConfigurationSource[0;39m - [36mNo URLs will be polled as dynamic configuration sources.
[0;39m[30m[0;39m [32m2020-03-28 10:41:39[0;39m [32m[main][0;39m [31mWARN [0;39m [1;35mcom.netflix.config.sources.URLConfigurationSource[0;39m - [36mNo URLs will be polled as dynamic configuration sources.
[0;39m[30m[0;39m [32m2020-03-28 10:44:29[0;39m [32m[main][0;39m [31mWARN [0;39m [1;35mcom.netflix.discovery.shared.transport.decorator.RetryableEurekaHttpClient[0;39m - [36mRequest execution failure
[0;39m[30m[0;39m [32m2020-03-28 10:44:31[0;39m [32m[main][0;39m [31mWARN [0;39m [1;35mcom.netflix.config.sources.URLConfigurationSource[0;39m - [36mNo URLs will be polled as dynamic configuration sources.
[0;39m[30m[0;39m [32m2020-03-28 10:44:31[0;39m [32m[main][0;39m [31mWARN [0;39m [1;35mcom.netflix.config.sources.URLConfigurationSource[0;39m - [36mNo URLs will be polled as dynamic configuration sources.
[0;39m[30m[0;39m [32m2020-03-28 10:44:31[0;39m [32m[DiscoveryClient-InstanceInfoReplicator-0][0;39m [31mWARN [0;39m [1;35mcom.netflix.discovery.shared.transport.decorator.RetryableEurekaHttpClient[0;39m - [36mRequest execution failure
[0;39m[30m[0;39m [32m2020-03-28 10:45:07[0;39m [32m[main][0;39m [31mWARN [0;39m [1;35morg.springframework.boot.context.embedded.AnnotationConfigEmbeddedWebApplicationContext[0;39m - [36mException encountered during context initialization - cancelling refresh attempt: org.springframework.beans.factory.UnsatisfiedDependencyException: Error creating bean with name 'entityManagerFactory' defined in class path resource [com/configuation/JPAPersistenceConfiguration.class]: Unsatisfied dependency expressed through method 'entityManagerFactory' parameter 0; nested exception is org.springframework.beans.factory.BeanCreationException: Error creating bean with name 'druidDataSource' defined in class path resource [com/configuation/JPAPersistenceConfiguration.class]: Invocation of init method failed; nested exception is java.sql.SQLException: Could not retrieve transation read-only status server
[0;39m[30m[0;39m [32m2020-03-28 10:45:07[0;39m [32m[main][0;39m [31mWARN [0;39m [1;35morg.springframework.boot.SpringApplication[0;39m - [36mError handling failed (Error creating bean with name 'delegatingApplicationListener' defined in class path resource [org/springframework/security/config/annotation/web/configuration/WebSecurityConfiguration.class]: BeanPostProcessor before instantiation of bean failed; nested exception is org.springframework.beans.factory.BeanCreationException: Error creating bean with name 'org.springframework.transaction.config.internalTransactionAdvisor' defined in class path resource [org/springframework/transaction/annotation/ProxyTransactionManagementConfiguration.class]: Bean instantiation via factory method failed; nested exception is org.springframework.beans.BeanInstantiationException: Failed to instantiate [org.springframework.transaction.interceptor.BeanFactoryTransactionAttributeSourceAdvisor]: Factory method 'transactionAdvisor' threw exception; nested exception is java.lang.NullPointerException)
[0;39m[30m[0;39m [32m2020-03-28 10:47:31[0;39m [32m[main][0;39m [31mWARN [0;39m [1;35morg.springframework.boot.context.embedded.AnnotationConfigEmbeddedWebApplicationContext[0;39m - [36mException encountered during context initialization - cancelling refresh attempt: org.springframework.beans.factory.UnsatisfiedDependencyException: Error creating bean with name 'entityManagerFactory' defined in class path resource [com/configuation/JPAPersistenceConfiguration.class]: Unsatisfied dependency expressed through method 'entityManagerFactory' parameter 0; nested exception is org.springframework.beans.factory.BeanCreationException: Error creating bean with name 'druidDataSource' defined in class path resource [com/configuation/JPAPersistenceConfiguration.class]: Invocation of init method failed; nested exception is java.sql.SQLException: Could not retrieve transation read-only status server
[0;39m[30m[0;39m [32m2020-03-28 10:47:31[0;39m [32m[main][0;39m [31mWARN [0;39m [1;35morg.springframework.boot.SpringApplication[0;39m - [36mError handling failed (Error creating bean with name 'delegatingApplicationListener' defined in class path resource [org/springframework/security/config/annotation/web/configuration/WebSecurityConfiguration.class]: BeanPostProcessor before instantiation of bean failed; nested exception is org.springframework.beans.factory.BeanCreationException: Error creating bean with name 'org.springframework.transaction.config.internalTransactionAdvisor' defined in class path resource [org/springframework/transaction/annotation/ProxyTransactionManagementConfiguration.class]: Bean instantiation via factory method failed; nested exception is org.springframework.beans.BeanInstantiationException: Failed to instantiate [org.springframework.transaction.interceptor.BeanFactoryTransactionAttributeSourceAdvisor]: Factory method 'transactionAdvisor' threw exception; nested exception is java.lang.NullPointerException)
[0;39m[30m[0;39m [32m2020-03-28 10:50:03[0;39m [32m[main][0;39m [31mWARN [0;39m [1;35morg.springframework.boot.context.embedded.AnnotationConfigEmbeddedWebApplicationContext[0;39m - [36mException encountered during context initialization - cancelling refresh attempt: org.springframework.beans.factory.UnsatisfiedDependencyException: Error creating bean with name 'entityManagerFactory' defined in class path resource [com/configuation/JPAPersistenceConfiguration.class]: Unsatisfied dependency expressed through method 'entityManagerFactory' parameter 0; nested exception is org.springframework.beans.factory.BeanCreationException: Error creating bean with name 'druidDataSource' defined in class path resource [com/configuation/JPAPersistenceConfiguration.class]: Invocation of init method failed; nested exception is java.sql.SQLException: Could not retrieve transation read-only status server
[0;39m[30m[0;39m [32m2020-03-28 10:50:03[0;39m [32m[main][0;39m [31mWARN [0;39m [1;35morg.springframework.boot.SpringApplication[0;39m - [36mError handling failed (Error creating bean with name 'delegatingApplicationListener' defined in class path resource [org/springframework/security/config/annotation/web/configuration/WebSecurityConfiguration.class]: BeanPostProcessor before instantiation of bean failed; nested exception is org.springframework.beans.factory.BeanCreationException: Error creating bean with name 'org.springframework.transaction.config.internalTransactionAdvisor' defined in class path resource [org/springframework/transaction/annotation/ProxyTransactionManagementConfiguration.class]: Bean instantiation via factory method failed; nested exception is org.springframework.beans.BeanInstantiationException: Failed to instantiate [org.springframework.transaction.interceptor.BeanFactoryTransactionAttributeSourceAdvisor]: Factory method 'transactionAdvisor' threw exception; nested exception is java.lang.NullPointerException)
[0;39m[30m[0;39m [32m2020-03-28 10:56:50[0;39m [32m[Thread-52][0;39m [31mWARN [0;39m [1;35mcom.netflix.discovery.DiscoveryClient[0;39m - [36mSaw local status change event StatusChangeEvent [timestamp=1585364210043, current=DOWN, previous=UP]
[0;39m[30m[0;39m [32m2020-03-28 10:56:50[0;39m [32m[Thread-52][0;39m [31mWARN [0;39m [1;35mcom.netflix.discovery.shared.transport.decorator.RetryableEurekaHttpClient[0;39m - [36mRequest execution failure
[0;39m[30m[0;39m [32m2020-03-28 10:56:50[0;39m [32m[Thread-52][0;39m [31mWARN [0;39m [1;35mcom.netflix.discovery.shared.transport.decorator.RetryableEurekaHttpClient[0;39m - [36mRequest execution failure
[0;39m[30m[0;39m [32m2020-03-28 10:56:50[0;39m [32m[Thread-52][0;39m [31mWARN [0;39m [1;35mcom.netflix.discovery.shared.transport.decorator.RetryableEurekaHttpClient[0;39m - [36mRequest execution failure
[0;39m[30m[0;39m [32m2020-03-28 11:28:36[0;39m [32m[main][0;39m [31mWARN [0;39m [1;35mcom.netflix.config.sources.URLConfigurationSource[0;39m - [36mNo URLs will be polled as dynamic configuration sources.
[0;39m[30m[0;39m [32m2020-03-28 11:28:36[0;39m [32m[main][0;39m [31mWARN [0;39m [1;35mcom.netflix.config.sources.URLConfigurationSource[0;39m - [36mNo URLs will be polled as dynamic configuration sources.
[0;39m[30m[0;39m [32m2020-03-28 11:32:42[0;39m [32m[main][0;39m [31mWARN [0;39m [1;35mnet.sf.ehcache.config.ConfigurationFactory[0;39m - [36mNo configuration found. Configuring ehcache from ehcache-failsafe.xml  found in the classpath: jar:file:/Users/lxc/Public/data/net/sf/ehcache/ehcache/2.10.3/ehcache-2.10.3.jar!/ehcache-failsafe.xml
[0;39m[30m[0;39m [32m2020-03-28 11:32:42[0;39m [32m[main][0;39m [31mWARN [0;39m [1;35morg.hibernate.cache.ehcache.AbstractEhcacheRegionFactory[0;39m - [36mHHH020003: Could not find a specific ehcache configuration for cache named [org.hibernate.cache.spi.UpdateTimestampsCache]; using defaults.
[0;39m[30m[0;39m [32m2020-03-28 11:32:42[0;39m [32m[main][0;39m [31mWARN [0;39m [1;35morg.hibernate.cache.ehcache.AbstractEhcacheRegionFactory[0;39m - [36mHHH020003: Could not find a specific ehcache configuration for cache named [org.hibernate.cache.internal.StandardQueryCache]; using defaults.
[0;39m[30m[0;39m [32m2020-03-28 11:32:42[0;39m [32m[main][0;39m [31mWARN [0;39m [1;35morg.hibernate.cache.ehcache.AbstractEhcacheRegionFactory[0;39m - [36mHHH020003: Could not find a specific ehcache configuration for cache named [com.entity.Department]; using defaults.
[0;39m[30m[0;39m [32m2020-03-28 11:32:43[0;39m [32m[main][0;39m [31mWARN [0;39m [1;35morg.hibernate.tool.schema.internal.ExceptionHandlerLoggedImpl[0;39m - [36mGenerationTarget encountered exception accepting command : Error executing DDL via JDBC Statement
[0;39morg.hibernate.tool.schema.spi.CommandAcceptanceException: Error executing DDL via JDBC Statement
	at org.hibernate.tool.schema.internal.exec.GenerationTargetToDatabase.accept(GenerationTargetToDatabase.java:67)
	at org.hibernate.tool.schema.internal.AbstractSchemaMigrator.applySqlString(AbstractSchemaMigrator.java:559)
	at org.hibernate.tool.schema.internal.AbstractSchemaMigrator.applySqlStrings(AbstractSchemaMigrator.java:504)
	at org.hibernate.tool.schema.internal.AbstractSchemaMigrator.createTable(AbstractSchemaMigrator.java:277)
	at org.hibernate.tool.schema.internal.GroupedSchemaMigratorImpl.performTablesMigration(GroupedSchemaMigratorImpl.java:71)
	at org.hibernate.tool.schema.internal.AbstractSchemaMigrator.performMigration(AbstractSchemaMigrator.java:207)
	at org.hibernate.tool.schema.internal.AbstractSchemaMigrator.doMigration(AbstractSchemaMigrator.java:114)
	at org.hibernate.tool.schema.spi.SchemaManagementToolCoordinator.performDatabaseAction(SchemaManagementToolCoordinator.java:183)
	at org.hibernate.tool.schema.spi.SchemaManagementToolCoordinator.process(SchemaManagementToolCoordinator.java:72)
	at org.hibernate.internal.SessionFactoryImpl.<init>(SessionFactoryImpl.java:312)
	at org.hibernate.boot.internal.SessionFactoryBuilderImpl.build(SessionFactoryBuilderImpl.java:462)
	at org.hibernate.jpa.boot.internal.EntityManagerFactoryBuilderImpl.build(EntityManagerFactoryBuilderImpl.java:892)
	at org.springframework.orm.jpa.vendor.SpringHibernateJpaPersistenceProvider.createContainerEntityManagerFactory(SpringHibernateJpaPersistenceProvider.java:60)
	at org.springframework.orm.jpa.LocalContainerEntityManagerFactoryBean.createNativeEntityManagerFactory(LocalContainerEntityManagerFactoryBean.java:353)
	at org.springframework.orm.jpa.AbstractEntityManagerFactoryBean.buildNativeEntityManagerFactory(AbstractEntityManagerFactoryBean.java:370)
	at org.springframework.orm.jpa.AbstractEntityManagerFactoryBean.afterPropertiesSet(AbstractEntityManagerFactoryBean.java:359)
	at org.springframework.beans.factory.support.AbstractAutowireCapableBeanFactory.invokeInitMethods(AbstractAutowireCapableBeanFactory.java:1687)
	at org.springframework.beans.factory.support.AbstractAutowireCapableBeanFactory.initializeBean(AbstractAutowireCapableBeanFactory.java:1624)
	at org.springframework.beans.factory.support.AbstractAutowireCapableBeanFactory.doCreateBean(AbstractAutowireCapableBeanFactory.java:555)
	at org.springframework.beans.factory.support.AbstractAutowireCapableBeanFactory.createBean(AbstractAutowireCapableBeanFactory.java:483)
	at org.springframework.beans.factory.support.AbstractBeanFactory$1.getObject(AbstractBeanFactory.java:306)
	at org.springframework.beans.factory.support.DefaultSingletonBeanRegistry.getSingleton(DefaultSingletonBeanRegistry.java:230)
	at org.springframework.beans.factory.support.AbstractBeanFactory.doGetBean(AbstractBeanFactory.java:302)
	at org.springframework.beans.factory.support.AbstractBeanFactory.getBean(AbstractBeanFactory.java:197)
	at org.springframework.context.support.AbstractApplicationContext.getBean(AbstractApplicationContext.java:1081)
	at org.springframework.context.support.AbstractApplicationContext.finishBeanFactoryInitialization(AbstractApplicationContext.java:856)
	at org.springframework.context.support.AbstractApplicationContext.refresh(AbstractApplicationContext.java:542)
	at org.springframework.boot.context.embedded.EmbeddedWebApplicationContext.refresh(EmbeddedWebApplicationContext.java:122)
	at org.springframework.boot.SpringApplication.refresh(SpringApplication.java:762)
	at org.springframework.boot.SpringApplication.refreshContext(SpringApplication.java:372)
	at org.springframework.boot.SpringApplication.run(SpringApplication.java:316)
	at org.springframework.boot.SpringApplication.run(SpringApplication.java:1187)
	at org.springframework.boot.SpringApplication.run(SpringApplication.java:1176)
	at com.ApplicationControl.main(ApplicationControl.java:20)
Caused by: com.mysql.jdbc.exceptions.jdbc4.MySQLSyntaxErrorException: Table 'springboot_department' already exists
	at sun.reflect.NativeConstructorAccessorImpl.newInstance0(Native Method)
	at sun.reflect.NativeConstructorAccessorImpl.newInstance(NativeConstructorAccessorImpl.java:62)
	at sun.reflect.DelegatingConstructorAccessorImpl.newInstance(DelegatingConstructorAccessorImpl.java:45)
	at java.lang.reflect.Constructor.newInstance(Constructor.java:423)
	at com.mysql.jdbc.Util.handleNewInstance(Util.java:425)
	at com.mysql.jdbc.Util.getInstance(Util.java:408)
	at com.mysql.jdbc.SQLError.createSQLException(SQLError.java:943)
	at com.mysql.jdbc.MysqlIO.checkErrorPacket(MysqlIO.java:3973)
	at com.mysql.jdbc.MysqlIO.checkErrorPacket(MysqlIO.java:3909)
	at com.mysql.jdbc.MysqlIO.sendCommand(MysqlIO.java:2527)
	at com.mysql.jdbc.MysqlIO.sqlQueryDirect(MysqlIO.java:2680)
	at com.mysql.jdbc.ConnectionImpl.execSQL(ConnectionImpl.java:2497)
	at com.mysql.jdbc.ConnectionImpl.execSQL(ConnectionImpl.java:2455)
	at com.mysql.jdbc.StatementImpl.executeInternal(StatementImpl.java:839)
	at com.mysql.jdbc.StatementImpl.execute(StatementImpl.java:739)
	at com.alibaba.druid.filter.FilterChainImpl.statement_execute(FilterChainImpl.java:2489)
	at com.alibaba.druid.filter.FilterAdapter.statement_execute(FilterAdapter.java:2451)
	at com.alibaba.druid.filter.FilterEventAdapter.statement_execute(FilterEventAdapter.java:188)
	at com.alibaba.druid.filter.FilterChainImpl.statement_execute(FilterChainImpl.java:2487)
	at com.alibaba.druid.wall.WallFilter.statement_execute(WallFilter.java:398)
	at com.alibaba.druid.filter.FilterChainImpl.statement_execute(FilterChainImpl.java:2487)
	at com.alibaba.druid.filter.FilterAdapter.statement_execute(FilterAdapter.java:2451)
	at com.alibaba.druid.filter.FilterEventAdapter.statement_execute(FilterEventAdapter.java:188)
	at com.alibaba.druid.filter.FilterChainImpl.statement_execute(FilterChainImpl.java:2487)
	at com.alibaba.druid.proxy.jdbc.StatementProxyImpl.execute(StatementProxyImpl.java:137)
	at com.alibaba.druid.pool.DruidPooledStatement.execute(DruidPooledStatement.java:418)
	at org.hibernate.tool.schema.internal.exec.GenerationTargetToDatabase.accept(GenerationTargetToDatabase.java:54)
	... 33 common frames omitted
[30m[0;39m [32m2020-03-28 11:32:43[0;39m [32m[main][0;39m [31mWARN [0;39m [1;35morg.hibernate.tool.schema.internal.ExceptionHandlerLoggedImpl[0;39m - [36mGenerationTarget encountered exception accepting command : Error executing DDL via JDBC Statement
[0;39morg.hibernate.tool.schema.spi.CommandAcceptanceException: Error executing DDL via JDBC Statement
	at org.hibernate.tool.schema.internal.exec.GenerationTargetToDatabase.accept(GenerationTargetToDatabase.java:67)
	at org.hibernate.tool.schema.internal.AbstractSchemaMigrator.applySqlString(AbstractSchemaMigrator.java:559)
	at org.hibernate.tool.schema.internal.AbstractSchemaMigrator.applySqlStrings(AbstractSchemaMigrator.java:504)
	at org.hibernate.tool.schema.internal.AbstractSchemaMigrator.createTable(AbstractSchemaMigrator.java:277)
	at org.hibernate.tool.schema.internal.GroupedSchemaMigratorImpl.performTablesMigration(GroupedSchemaMigratorImpl.java:71)
	at org.hibernate.tool.schema.internal.AbstractSchemaMigrator.performMigration(AbstractSchemaMigrator.java:207)
	at org.hibernate.tool.schema.internal.AbstractSchemaMigrator.doMigration(AbstractSchemaMigrator.java:114)
	at org.hibernate.tool.schema.spi.SchemaManagementToolCoordinator.performDatabaseAction(SchemaManagementToolCoordinator.java:183)
	at org.hibernate.tool.schema.spi.SchemaManagementToolCoordinator.process(SchemaManagementToolCoordinator.java:72)
	at org.hibernate.internal.SessionFactoryImpl.<init>(SessionFactoryImpl.java:312)
	at org.hibernate.boot.internal.SessionFactoryBuilderImpl.build(SessionFactoryBuilderImpl.java:462)
	at org.hibernate.jpa.boot.internal.EntityManagerFactoryBuilderImpl.build(EntityManagerFactoryBuilderImpl.java:892)
	at org.springframework.orm.jpa.vendor.SpringHibernateJpaPersistenceProvider.createContainerEntityManagerFactory(SpringHibernateJpaPersistenceProvider.java:60)
	at org.springframework.orm.jpa.LocalContainerEntityManagerFactoryBean.createNativeEntityManagerFactory(LocalContainerEntityManagerFactoryBean.java:353)
	at org.springframework.orm.jpa.AbstractEntityManagerFactoryBean.buildNativeEntityManagerFactory(AbstractEntityManagerFactoryBean.java:370)
	at org.springframework.orm.jpa.AbstractEntityManagerFactoryBean.afterPropertiesSet(AbstractEntityManagerFactoryBean.java:359)
	at org.springframework.beans.factory.support.AbstractAutowireCapableBeanFactory.invokeInitMethods(AbstractAutowireCapableBeanFactory.java:1687)
	at org.springframework.beans.factory.support.AbstractAutowireCapableBeanFactory.initializeBean(AbstractAutowireCapableBeanFactory.java:1624)
	at org.springframework.beans.factory.support.AbstractAutowireCapableBeanFactory.doCreateBean(AbstractAutowireCapableBeanFactory.java:555)
	at org.springframework.beans.factory.support.AbstractAutowireCapableBeanFactory.createBean(AbstractAutowireCapableBeanFactory.java:483)
	at org.springframework.beans.factory.support.AbstractBeanFactory$1.getObject(AbstractBeanFactory.java:306)
	at org.springframework.beans.factory.support.DefaultSingletonBeanRegistry.getSingleton(DefaultSingletonBeanRegistry.java:230)
	at org.springframework.beans.factory.support.AbstractBeanFactory.doGetBean(AbstractBeanFactory.java:302)
	at org.springframework.beans.factory.support.AbstractBeanFactory.getBean(AbstractBeanFactory.java:197)
	at org.springframework.context.support.AbstractApplicationContext.getBean(AbstractApplicationContext.java:1081)
	at org.springframework.context.support.AbstractApplicationContext.finishBeanFactoryInitialization(AbstractApplicationContext.java:856)
	at org.springframework.context.support.AbstractApplicationContext.refresh(AbstractApplicationContext.java:542)
	at org.springframework.boot.context.embedded.EmbeddedWebApplicationContext.refresh(EmbeddedWebApplicationContext.java:122)
	at org.springframework.boot.SpringApplication.refresh(SpringApplication.java:762)
	at org.springframework.boot.SpringApplication.refreshContext(SpringApplication.java:372)
	at org.springframework.boot.SpringApplication.run(SpringApplication.java:316)
	at org.springframework.boot.SpringApplication.run(SpringApplication.java:1187)
	at org.springframework.boot.SpringApplication.run(SpringApplication.java:1176)
	at com.ApplicationControl.main(ApplicationControl.java:20)
Caused by: com.mysql.jdbc.exceptions.jdbc4.MySQLSyntaxErrorException: Table 'springboot_role' already exists
	at sun.reflect.NativeConstructorAccessorImpl.newInstance0(Native Method)
	at sun.reflect.NativeConstructorAccessorImpl.newInstance(NativeConstructorAccessorImpl.java:62)
	at sun.reflect.DelegatingConstructorAccessorImpl.newInstance(DelegatingConstructorAccessorImpl.java:45)
	at java.lang.reflect.Constructor.newInstance(Constructor.java:423)
	at com.mysql.jdbc.Util.handleNewInstance(Util.java:425)
	at com.mysql.jdbc.Util.getInstance(Util.java:408)
	at com.mysql.jdbc.SQLError.createSQLException(SQLError.java:943)
	at com.mysql.jdbc.MysqlIO.checkErrorPacket(MysqlIO.java:3973)
	at com.mysql.jdbc.MysqlIO.checkErrorPacket(MysqlIO.java:3909)
	at com.mysql.jdbc.MysqlIO.sendCommand(MysqlIO.java:2527)
	at com.mysql.jdbc.MysqlIO.sqlQueryDirect(MysqlIO.java:2680)
	at com.mysql.jdbc.ConnectionImpl.execSQL(ConnectionImpl.java:2497)
	at com.mysql.jdbc.ConnectionImpl.execSQL(ConnectionImpl.java:2455)
	at com.mysql.jdbc.StatementImpl.executeInternal(StatementImpl.java:839)
	at com.mysql.jdbc.StatementImpl.execute(StatementImpl.java:739)
	at com.alibaba.druid.filter.FilterChainImpl.statement_execute(FilterChainImpl.java:2489)
	at com.alibaba.druid.filter.FilterAdapter.statement_execute(FilterAdapter.java:2451)
	at com.alibaba.druid.filter.FilterEventAdapter.statement_execute(FilterEventAdapter.java:188)
	at com.alibaba.druid.filter.FilterChainImpl.statement_execute(FilterChainImpl.java:2487)
	at com.alibaba.druid.wall.WallFilter.statement_execute(WallFilter.java:398)
	at com.alibaba.druid.filter.FilterChainImpl.statement_execute(FilterChainImpl.java:2487)
	at com.alibaba.druid.filter.FilterAdapter.statement_execute(FilterAdapter.java:2451)
	at com.alibaba.druid.filter.FilterEventAdapter.statement_execute(FilterEventAdapter.java:188)
	at com.alibaba.druid.filter.FilterChainImpl.statement_execute(FilterChainImpl.java:2487)
	at com.alibaba.druid.proxy.jdbc.StatementProxyImpl.execute(StatementProxyImpl.java:137)
	at com.alibaba.druid.pool.DruidPooledStatement.execute(DruidPooledStatement.java:418)
	at org.hibernate.tool.schema.internal.exec.GenerationTargetToDatabase.accept(GenerationTargetToDatabase.java:54)
	... 33 common frames omitted
[30m[0;39m [32m2020-03-28 11:32:43[0;39m [32m[main][0;39m [31mWARN [0;39m [1;35morg.hibernate.tool.schema.internal.ExceptionHandlerLoggedImpl[0;39m - [36mGenerationTarget encountered exception accepting command : Error executing DDL via JDBC Statement
[0;39morg.hibernate.tool.schema.spi.CommandAcceptanceException: Error executing DDL via JDBC Statement
	at org.hibernate.tool.schema.internal.exec.GenerationTargetToDatabase.accept(GenerationTargetToDatabase.java:67)
	at org.hibernate.tool.schema.internal.AbstractSchemaMigrator.applySqlString(AbstractSchemaMigrator.java:559)
	at org.hibernate.tool.schema.internal.AbstractSchemaMigrator.applySqlStrings(AbstractSchemaMigrator.java:504)
	at org.hibernate.tool.schema.internal.AbstractSchemaMigrator.createTable(AbstractSchemaMigrator.java:277)
	at org.hibernate.tool.schema.internal.GroupedSchemaMigratorImpl.performTablesMigration(GroupedSchemaMigratorImpl.java:71)
	at org.hibernate.tool.schema.internal.AbstractSchemaMigrator.performMigration(AbstractSchemaMigrator.java:207)
	at org.hibernate.tool.schema.internal.AbstractSchemaMigrator.doMigration(AbstractSchemaMigrator.java:114)
	at org.hibernate.tool.schema.spi.SchemaManagementToolCoordinator.performDatabaseAction(SchemaManagementToolCoordinator.java:183)
	at org.hibernate.tool.schema.spi.SchemaManagementToolCoordinator.process(SchemaManagementToolCoordinator.java:72)
	at org.hibernate.internal.SessionFactoryImpl.<init>(SessionFactoryImpl.java:312)
	at org.hibernate.boot.internal.SessionFactoryBuilderImpl.build(SessionFactoryBuilderImpl.java:462)
	at org.hibernate.jpa.boot.internal.EntityManagerFactoryBuilderImpl.build(EntityManagerFactoryBuilderImpl.java:892)
	at org.springframework.orm.jpa.vendor.SpringHibernateJpaPersistenceProvider.createContainerEntityManagerFactory(SpringHibernateJpaPersistenceProvider.java:60)
	at org.springframework.orm.jpa.LocalContainerEntityManagerFactoryBean.createNativeEntityManagerFactory(LocalContainerEntityManagerFactoryBean.java:353)
	at org.springframework.orm.jpa.AbstractEntityManagerFactoryBean.buildNativeEntityManagerFactory(AbstractEntityManagerFactoryBean.java:370)
	at org.springframework.orm.jpa.AbstractEntityManagerFactoryBean.afterPropertiesSet(AbstractEntityManagerFactoryBean.java:359)
	at org.springframework.beans.factory.support.AbstractAutowireCapableBeanFactory.invokeInitMethods(AbstractAutowireCapableBeanFactory.java:1687)
	at org.springframework.beans.factory.support.AbstractAutowireCapableBeanFactory.initializeBean(AbstractAutowireCapableBeanFactory.java:1624)
	at org.springframework.beans.factory.support.AbstractAutowireCapableBeanFactory.doCreateBean(AbstractAutowireCapableBeanFactory.java:555)
	at org.springframework.beans.factory.support.AbstractAutowireCapableBeanFactory.createBean(AbstractAutowireCapableBeanFactory.java:483)
	at org.springframework.beans.factory.support.AbstractBeanFactory$1.getObject(AbstractBeanFactory.java:306)
	at org.springframework.beans.factory.support.DefaultSingletonBeanRegistry.getSingleton(DefaultSingletonBeanRegistry.java:230)
	at org.springframework.beans.factory.support.AbstractBeanFactory.doGetBean(AbstractBeanFactory.java:302)
	at org.springframework.beans.factory.support.AbstractBeanFactory.getBean(AbstractBeanFactory.java:197)
	at org.springframework.context.support.AbstractApplicationContext.getBean(AbstractApplicationContext.java:1081)
	at org.springframework.context.support.AbstractApplicationContext.finishBeanFactoryInitialization(AbstractApplicationContext.java:856)
	at org.springframework.context.support.AbstractApplicationContext.refresh(AbstractApplicationContext.java:542)
	at org.springframework.boot.context.embedded.EmbeddedWebApplicationContext.refresh(EmbeddedWebApplicationContext.java:122)
	at org.springframework.boot.SpringApplication.refresh(SpringApplication.java:762)
	at org.springframework.boot.SpringApplication.refreshContext(SpringApplication.java:372)
	at org.springframework.boot.SpringApplication.run(SpringApplication.java:316)
	at org.springframework.boot.SpringApplication.run(SpringApplication.java:1187)
	at org.springframework.boot.SpringApplication.run(SpringApplication.java:1176)
	at com.ApplicationControl.main(ApplicationControl.java:20)
Caused by: com.mysql.jdbc.exceptions.jdbc4.MySQLSyntaxErrorException: Table 'springboot_user' already exists
	at sun.reflect.NativeConstructorAccessorImpl.newInstance0(Native Method)
	at sun.reflect.NativeConstructorAccessorImpl.newInstance(NativeConstructorAccessorImpl.java:62)
	at sun.reflect.DelegatingConstructorAccessorImpl.newInstance(DelegatingConstructorAccessorImpl.java:45)
	at java.lang.reflect.Constructor.newInstance(Constructor.java:423)
	at com.mysql.jdbc.Util.handleNewInstance(Util.java:425)
	at com.mysql.jdbc.Util.getInstance(Util.java:408)
	at com.mysql.jdbc.SQLError.createSQLException(SQLError.java:943)
	at com.mysql.jdbc.MysqlIO.checkErrorPacket(MysqlIO.java:3973)
	at com.mysql.jdbc.MysqlIO.checkErrorPacket(MysqlIO.java:3909)
	at com.mysql.jdbc.MysqlIO.sendCommand(MysqlIO.java:2527)
	at com.mysql.jdbc.MysqlIO.sqlQueryDirect(MysqlIO.java:2680)
	at com.mysql.jdbc.ConnectionImpl.execSQL(ConnectionImpl.java:2497)
	at com.mysql.jdbc.ConnectionImpl.execSQL(ConnectionImpl.java:2455)
	at com.mysql.jdbc.StatementImpl.executeInternal(StatementImpl.java:839)
	at com.mysql.jdbc.StatementImpl.execute(StatementImpl.java:739)
	at com.alibaba.druid.filter.FilterChainImpl.statement_execute(FilterChainImpl.java:2489)
	at com.alibaba.druid.filter.FilterAdapter.statement_execute(FilterAdapter.java:2451)
	at com.alibaba.druid.filter.FilterEventAdapter.statement_execute(FilterEventAdapter.java:188)
	at com.alibaba.druid.filter.FilterChainImpl.statement_execute(FilterChainImpl.java:2487)
	at com.alibaba.druid.wall.WallFilter.statement_execute(WallFilter.java:398)
	at com.alibaba.druid.filter.FilterChainImpl.statement_execute(FilterChainImpl.java:2487)
	at com.alibaba.druid.filter.FilterAdapter.statement_execute(FilterAdapter.java:2451)
	at com.alibaba.druid.filter.FilterEventAdapter.statement_execute(FilterEventAdapter.java:188)
	at com.alibaba.druid.filter.FilterChainImpl.statement_execute(FilterChainImpl.java:2487)
	at com.alibaba.druid.proxy.jdbc.StatementProxyImpl.execute(StatementProxyImpl.java:137)
	at com.alibaba.druid.pool.DruidPooledStatement.execute(DruidPooledStatement.java:418)
	at org.hibernate.tool.schema.internal.exec.GenerationTargetToDatabase.accept(GenerationTargetToDatabase.java:54)
	... 33 common frames omitted
[30m[0;39m [32m2020-03-28 11:32:43[0;39m [32m[main][0;39m [31mWARN [0;39m [1;35morg.hibernate.tool.schema.internal.ExceptionHandlerLoggedImpl[0;39m - [36mGenerationTarget encountered exception accepting command : Error executing DDL via JDBC Statement
[0;39morg.hibernate.tool.schema.spi.CommandAcceptanceException: Error executing DDL via JDBC Statement
	at org.hibernate.tool.schema.internal.exec.GenerationTargetToDatabase.accept(GenerationTargetToDatabase.java:67)
	at org.hibernate.tool.schema.internal.AbstractSchemaMigrator.applySqlString(AbstractSchemaMigrator.java:559)
	at org.hibernate.tool.schema.internal.AbstractSchemaMigrator.applySqlStrings(AbstractSchemaMigrator.java:504)
	at org.hibernate.tool.schema.internal.AbstractSchemaMigrator.createTable(AbstractSchemaMigrator.java:277)
	at org.hibernate.tool.schema.internal.GroupedSchemaMigratorImpl.performTablesMigration(GroupedSchemaMigratorImpl.java:71)
	at org.hibernate.tool.schema.internal.AbstractSchemaMigrator.performMigration(AbstractSchemaMigrator.java:207)
	at org.hibernate.tool.schema.internal.AbstractSchemaMigrator.doMigration(AbstractSchemaMigrator.java:114)
	at org.hibernate.tool.schema.spi.SchemaManagementToolCoordinator.performDatabaseAction(SchemaManagementToolCoordinator.java:183)
	at org.hibernate.tool.schema.spi.SchemaManagementToolCoordinator.process(SchemaManagementToolCoordinator.java:72)
	at org.hibernate.internal.SessionFactoryImpl.<init>(SessionFactoryImpl.java:312)
	at org.hibernate.boot.internal.SessionFactoryBuilderImpl.build(SessionFactoryBuilderImpl.java:462)
	at org.hibernate.jpa.boot.internal.EntityManagerFactoryBuilderImpl.build(EntityManagerFactoryBuilderImpl.java:892)
	at org.springframework.orm.jpa.vendor.SpringHibernateJpaPersistenceProvider.createContainerEntityManagerFactory(SpringHibernateJpaPersistenceProvider.java:60)
	at org.springframework.orm.jpa.LocalContainerEntityManagerFactoryBean.createNativeEntityManagerFactory(LocalContainerEntityManagerFactoryBean.java:353)
	at org.springframework.orm.jpa.AbstractEntityManagerFactoryBean.buildNativeEntityManagerFactory(AbstractEntityManagerFactoryBean.java:370)
	at org.springframework.orm.jpa.AbstractEntityManagerFactoryBean.afterPropertiesSet(AbstractEntityManagerFactoryBean.java:359)
	at org.springframework.beans.factory.support.AbstractAutowireCapableBeanFactory.invokeInitMethods(AbstractAutowireCapableBeanFactory.java:1687)
	at org.springframework.beans.factory.support.AbstractAutowireCapableBeanFactory.initializeBean(AbstractAutowireCapableBeanFactory.java:1624)
	at org.springframework.beans.factory.support.AbstractAutowireCapableBeanFactory.doCreateBean(AbstractAutowireCapableBeanFactory.java:555)
	at org.springframework.beans.factory.support.AbstractAutowireCapableBeanFactory.createBean(AbstractAutowireCapableBeanFactory.java:483)
	at org.springframework.beans.factory.support.AbstractBeanFactory$1.getObject(AbstractBeanFactory.java:306)
	at org.springframework.beans.factory.support.DefaultSingletonBeanRegistry.getSingleton(DefaultSingletonBeanRegistry.java:230)
	at org.springframework.beans.factory.support.AbstractBeanFactory.doGetBean(AbstractBeanFactory.java:302)
	at org.springframework.beans.factory.support.AbstractBeanFactory.getBean(AbstractBeanFactory.java:197)
	at org.springframework.context.support.AbstractApplicationContext.getBean(AbstractApplicationContext.java:1081)
	at org.springframework.context.support.AbstractApplicationContext.finishBeanFactoryInitialization(AbstractApplicationContext.java:856)
	at org.springframework.context.support.AbstractApplicationContext.refresh(AbstractApplicationContext.java:542)
	at org.springframework.boot.context.embedded.EmbeddedWebApplicationContext.refresh(EmbeddedWebApplicationContext.java:122)
	at org.springframework.boot.SpringApplication.refresh(SpringApplication.java:762)
	at org.springframework.boot.SpringApplication.refreshContext(SpringApplication.java:372)
	at org.springframework.boot.SpringApplication.run(SpringApplication.java:316)
	at org.springframework.boot.SpringApplication.run(SpringApplication.java:1187)
	at org.springframework.boot.SpringApplication.run(SpringApplication.java:1176)
	at com.ApplicationControl.main(ApplicationControl.java:20)
Caused by: com.mysql.jdbc.exceptions.jdbc4.MySQLSyntaxErrorException: Table 'springboot_user_role' already exists
	at sun.reflect.NativeConstructorAccessorImpl.newInstance0(Native Method)
	at sun.reflect.NativeConstructorAccessorImpl.newInstance(NativeConstructorAccessorImpl.java:62)
	at sun.reflect.DelegatingConstructorAccessorImpl.newInstance(DelegatingConstructorAccessorImpl.java:45)
	at java.lang.reflect.Constructor.newInstance(Constructor.java:423)
	at com.mysql.jdbc.Util.handleNewInstance(Util.java:425)
	at com.mysql.jdbc.Util.getInstance(Util.java:408)
	at com.mysql.jdbc.SQLError.createSQLException(SQLError.java:943)
	at com.mysql.jdbc.MysqlIO.checkErrorPacket(MysqlIO.java:3973)
	at com.mysql.jdbc.MysqlIO.checkErrorPacket(MysqlIO.java:3909)
	at com.mysql.jdbc.MysqlIO.sendCommand(MysqlIO.java:2527)
	at com.mysql.jdbc.MysqlIO.sqlQueryDirect(MysqlIO.java:2680)
	at com.mysql.jdbc.ConnectionImpl.execSQL(ConnectionImpl.java:2497)
	at com.mysql.jdbc.ConnectionImpl.execSQL(ConnectionImpl.java:2455)
	at com.mysql.jdbc.StatementImpl.executeInternal(StatementImpl.java:839)
	at com.mysql.jdbc.StatementImpl.execute(StatementImpl.java:739)
	at com.alibaba.druid.filter.FilterChainImpl.statement_execute(FilterChainImpl.java:2489)
	at com.alibaba.druid.filter.FilterAdapter.statement_execute(FilterAdapter.java:2451)
	at com.alibaba.druid.filter.FilterEventAdapter.statement_execute(FilterEventAdapter.java:188)
	at com.alibaba.druid.filter.FilterChainImpl.statement_execute(FilterChainImpl.java:2487)
	at com.alibaba.druid.wall.WallFilter.statement_execute(WallFilter.java:398)
	at com.alibaba.druid.filter.FilterChainImpl.statement_execute(FilterChainImpl.java:2487)
	at com.alibaba.druid.filter.FilterAdapter.statement_execute(FilterAdapter.java:2451)
	at com.alibaba.druid.filter.FilterEventAdapter.statement_execute(FilterEventAdapter.java:188)
	at com.alibaba.druid.filter.FilterChainImpl.statement_execute(FilterChainImpl.java:2487)
	at com.alibaba.druid.proxy.jdbc.StatementProxyImpl.execute(StatementProxyImpl.java:137)
	at com.alibaba.druid.pool.DruidPooledStatement.execute(DruidPooledStatement.java:418)
	at org.hibernate.tool.schema.internal.exec.GenerationTargetToDatabase.accept(GenerationTargetToDatabase.java:54)
	... 33 common frames omitted
[30m[0;39m [32m2020-03-28 11:32:47[0;39m [32m[main][0;39m [31mWARN [0;39m [1;35mcom.netflix.config.sources.URLConfigurationSource[0;39m - [36mNo URLs will be polled as dynamic configuration sources.
[0;39m[30m[0;39m [32m2020-03-28 11:32:47[0;39m [32m[main][0;39m [31mWARN [0;39m [1;35mcom.netflix.config.sources.URLConfigurationSource[0;39m - [36mNo URLs will be polled as dynamic configuration sources.
[0;39m[30m[0;39m [32m2020-03-28 11:33:19[0;39m [32m[main][0;39m [31mWARN [0;39m [1;35mcom.netflix.discovery.shared.transport.decorator.RetryableEurekaHttpClient[0;39m - [36mRequest execution failure
[0;39m[30m[0;39m [32m2020-03-28 11:33:21[0;39m [32m[main][0;39m [31mWARN [0;39m [1;35mcom.netflix.config.sources.URLConfigurationSource[0;39m - [36mNo URLs will be polled as dynamic configuration sources.
[0;39m[30m[0;39m [32m2020-03-28 11:33:21[0;39m [32m[main][0;39m [31mWARN [0;39m [1;35mcom.netflix.config.sources.URLConfigurationSource[0;39m - [36mNo URLs will be polled as dynamic configuration sources.
[0;39m[30m[0;39m [32m2020-03-28 11:33:21[0;39m [32m[DiscoveryClient-InstanceInfoReplicator-0][0;39m [31mWARN [0;39m [1;35mcom.netflix.discovery.shared.transport.decorator.RetryableEurekaHttpClient[0;39m - [36mRequest execution failure
[0;39m[30m[0;39m [32m2020-03-28 11:33:44[0;39m [32m[main][0;39m [31mWARN [0;39m [1;35mcom.netflix.config.sources.URLConfigurationSource[0;39m - [36mNo URLs will be polled as dynamic configuration sources.
[0;39m[30m[0;39m [32m2020-03-28 11:33:44[0;39m [32m[main][0;39m [31mWARN [0;39m [1;35mcom.netflix.config.sources.URLConfigurationSource[0;39m - [36mNo URLs will be polled as dynamic configuration sources.
[0;39m[30m[0;39m [32m2020-03-28 11:34:20[0;39m [32m[main][0;39m [31mWARN [0;39m [1;35mcom.netflix.config.sources.URLConfigurationSource[0;39m - [36mNo URLs will be polled as dynamic configuration sources.
[0;39m[30m[0;39m [32m2020-03-28 11:34:23[0;39m [32m[main][0;39m [31mWARN [0;39m [1;35mcom.netflix.config.sources.URLConfigurationSource[0;39m - [36mNo URLs will be polled as dynamic configuration sources.
[0;39m[30m[0;39m [32m2020-03-28 11:34:24[0;39m [32m[main][0;39m [31mWARN [0;39m [1;35mcom.netflix.discovery.shared.transport.decorator.RetryableEurekaHttpClient[0;39m - [36mRequest execution failure with status code 404; retrying on another server if available
[0;39m[30m[0;39m [32m2020-03-28 11:34:54[0;39m [32m[DiscoveryClient-HeartbeatExecutor-0][0;39m [31mWARN [0;39m [1;35mcom.netflix.discovery.shared.transport.decorator.RetryableEurekaHttpClient[0;39m - [36mRequest execution failure
[0;39m[30m[0;39m [32m2020-03-28 11:34:54[0;39m [32m[DiscoveryClient-HeartbeatExecutor-0][0;39m [31mWARN [0;39m [1;35mcom.netflix.discovery.shared.transport.decorator.RetryableEurekaHttpClient[0;39m - [36mRequest execution failure
[0;39m[30m[0;39m [32m2020-03-28 11:34:54[0;39m [32m[http-nio-8761-exec-1][0;39m [31mWARN [0;39m [1;35mcom.netflix.eureka.registry.AbstractInstanceRegistry[0;39m - [36mDS: Registry: lease doesn't exist, registering resource: SPRINGCLOUD-CONSUMER-H5-RIBBON-HYSTRIX - localhost:springcloud-consumer-h5-ribbon-hystrix:9994
[0;39m[30m[0;39m [32m2020-03-28 11:34:54[0;39m [32m[http-nio-8761-exec-1][0;39m [31mWARN [0;39m [1;35mcom.netflix.eureka.resources.InstanceResource[0;39m - [36mNot Found (Renew): SPRINGCLOUD-CONSUMER-H5-RIBBON-HYSTRIX - localhost:springcloud-consumer-h5-ribbon-hystrix:9994
[0;39m[30m[0;39m [32m2020-03-28 11:36:14[0;39m [32m[Thread-43][0;39m [31mWARN [0;39m [1;35mcom.netflix.discovery.DiscoveryClient[0;39m - [36mSaw local status change event StatusChangeEvent [timestamp=1585366574748, current=DOWN, previous=UP]
[0;39m[30m[0;39m [32m2020-03-28 11:36:14[0;39m [32m[Thread-43][0;39m [31mWARN [0;39m [1;35mcom.netflix.config.sources.URLConfigurationSource[0;39m - [36mNo URLs will be polled as dynamic configuration sources.
[0;39m[30m[0;39m [32m2020-03-28 11:36:26[0;39m [32m[main][0;39m [31mWARN [0;39m [1;35mcom.netflix.config.sources.URLConfigurationSource[0;39m - [36mNo URLs will be polled as dynamic configuration sources.
[0;39m[30m[0;39m [32m2020-03-28 11:36:29[0;39m [32m[main][0;39m [31mWARN [0;39m [1;35mcom.netflix.config.sources.URLConfigurationSource[0;39m - [36mNo URLs will be polled as dynamic configuration sources.
[0;39m[30m[0;39m [32m2020-03-28 11:36:30[0;39m [32m[main][0;39m [31mWARN [0;39m [1;35mcom.netflix.discovery.shared.transport.decorator.RetryableEurekaHttpClient[0;39m - [36mRequest execution failure with status code 404; retrying on another server if available
[0;39m[30m[0;39m [32m2020-03-28 11:37:00[0;39m [32m[DiscoveryClient-HeartbeatExecutor-0][0;39m [31mWARN [0;39m [1;35mcom.netflix.discovery.shared.transport.decorator.RetryableEurekaHttpClient[0;39m - [36mRequest execution failure
[0;39m[30m[0;39m [32m2020-03-28 11:37:00[0;39m [32m[DiscoveryClient-HeartbeatExecutor-0][0;39m [31mWARN [0;39m [1;35mcom.netflix.discovery.shared.transport.decorator.RetryableEurekaHttpClient[0;39m - [36mRequest execution failure
[0;39m[30m[0;39m [32m2020-03-28 11:37:00[0;39m [32m[TaskBatchingWorker-target_127.0.0.1-4][0;39m [31mWARN [0;39m [1;35mcom.netflix.eureka.cluster.ReplicationTask[0;39m - [36mThe replication of task SPRINGCLOUD-CONSUMER-H5-RIBBON-HYSTRIX/localhost:springcloud-consumer-h5-ribbon-hystrix:9994:Heartbeat@127.0.0.1 failed with response code 409
[0;39m[30m[0;39m [32m2020-03-28 11:39:43[0;39m [32m[Thread-43][0;39m [31mWARN [0;39m [1;35mcom.netflix.discovery.DiscoveryClient[0;39m - [36mSaw local status change event StatusChangeEvent [timestamp=1585366783287, current=DOWN, previous=UP]
[0;39m[30m[0;39m [32m2020-03-28 11:39:43[0;39m [32m[Thread-43][0;39m [31mWARN [0;39m [1;35mcom.netflix.config.sources.URLConfigurationSource[0;39m - [36mNo URLs will be polled as dynamic configuration sources.
[0;39m[30m[0;39m [32m2020-03-28 11:39:52[0;39m [32m[main][0;39m [31mWARN [0;39m [1;35mcom.netflix.config.sources.URLConfigurationSource[0;39m - [36mNo URLs will be polled as dynamic configuration sources.
[0;39m[30m[0;39m [32m2020-03-28 11:39:55[0;39m [32m[main][0;39m [31mWARN [0;39m [1;35mcom.netflix.config.sources.URLConfigurationSource[0;39m - [36mNo URLs will be polled as dynamic configuration sources.
[0;39m[30m[0;39m [32m2020-03-28 11:39:56[0;39m [32m[main][0;39m [31mWARN [0;39m [1;35mcom.netflix.discovery.shared.transport.decorator.RetryableEurekaHttpClient[0;39m - [36mRequest execution failure with status code 404; retrying on another server if available
[0;39m[30m[0;39m [32m2020-03-28 11:40:26[0;39m [32m[DiscoveryClient-HeartbeatExecutor-0][0;39m [31mWARN [0;39m [1;35mcom.netflix.discovery.shared.transport.decorator.RetryableEurekaHttpClient[0;39m - [36mRequest execution failure
[0;39m[30m[0;39m [32m2020-03-28 11:40:26[0;39m [32m[DiscoveryClient-HeartbeatExecutor-0][0;39m [31mWARN [0;39m [1;35mcom.netflix.discovery.shared.transport.decorator.RetryableEurekaHttpClient[0;39m - [36mRequest execution failure
[0;39m[30m[0;39m [32m2020-03-28 11:40:26[0;39m [32m[http-nio-8761-exec-9][0;39m [31mWARN [0;39m [1;35mcom.netflix.eureka.registry.AbstractInstanceRegistry[0;39m - [36mDS: Registry: lease doesn't exist, registering resource: SPRINGCLOUD-CONSUMER-H5-RIBBON-HYSTRIX - localhost:springcloud-consumer-h5-ribbon-hystrix:9994
[0;39m[30m[0;39m [32m2020-03-28 11:40:26[0;39m [32m[http-nio-8761-exec-9][0;39m [31mWARN [0;39m [1;35mcom.netflix.eureka.resources.InstanceResource[0;39m - [36mNot Found (Renew): SPRINGCLOUD-CONSUMER-H5-RIBBON-HYSTRIX - localhost:springcloud-consumer-h5-ribbon-hystrix:9994
[0;39m[30m[0;39m [32m2020-03-28 11:46:19[0;39m [32m[http-nio-9994-exec-1][0;39m [31mWARN [0;39m [1;35morg.springframework.web.servlet.PageNotFound[0;39m - [36mNo mapping found for HTTP request with URI [/eureka/apps/delta] in DispatcherServlet with name 'dispatcherServlet'
[0;39m[30m[0;39m [32m2020-03-28 11:46:19[0;39m [32m[DiscoveryClient-CacheRefreshExecutor-0][0;39m [31mWARN [0;39m [1;35mcom.netflix.discovery.DiscoveryClient[0;39m - [36mThe server does not allow the delta revision to be applied because it is not safe. Hence got the full registry.
[0;39m[30m[0;39m [32m2020-03-28 11:46:20[0;39m [32m[http-nio-9994-exec-2][0;39m [31mWARN [0;39m [1;35morg.springframework.web.servlet.PageNotFound[0;39m - [36mNo mapping found for HTTP request with URI [/eureka/apps/] in DispatcherServlet with name 'dispatcherServlet'
[0;39m[30m[0;39m [32m2020-03-28 11:46:20[0;39m [32m[DiscoveryClient-CacheRefreshExecutor-0][0;39m [31mWARN [0;39m [1;35mcom.netflix.discovery.shared.transport.decorator.RetryableEurekaHttpClient[0;39m - [36mRequest execution failure with status code 404; retrying on another server if available
[0;39m[30m[0;39m [32m2020-03-28 11:46:20[0;39m [32m[http-nio-9994-exec-3][0;39m [31mWARN [0;39m [1;35morg.springframework.web.servlet.PageNotFound[0;39m - [36mNo mapping found for HTTP request with URI [/eureka/apps/] in DispatcherServlet with name 'dispatcherServlet'
[0;39m[30m[0;39m [32m2020-03-28 11:46:20[0;39m [32m[DiscoveryClient-CacheRefreshExecutor-0][0;39m [31mWARN [0;39m [1;35mcom.netflix.discovery.shared.transport.decorator.RetryableEurekaHttpClient[0;39m - [36mRequest execution failure with status code 404; retrying on another server if available
[0;39m[30m[0;39m [32m2020-03-28 11:49:19[0;39m [32m[http-nio-9994-exec-5][0;39m [31mWARN [0;39m [1;35morg.springframework.web.servlet.PageNotFound[0;39m - [36mNo mapping found for HTTP request with URI [/eureka/apps/SPRINGCLOUD-CONSUMER/localhost:springCloud-consumer:9991] in DispatcherServlet with name 'dispatcherServlet'
[0;39m[30m[0;39m [32m2020-03-28 11:49:19[0;39m [32m[DiscoveryClient-HeartbeatExecutor-0][0;39m [31mWARN [0;39m [1;35mcom.netflix.discovery.shared.transport.decorator.RetryableEurekaHttpClient[0;39m - [36mRequest execution failure
[0;39m[30m[0;39m [32m2020-03-28 11:53:11[0;39m [32m[Thread-69][0;39m [31mWARN [0;39m [1;35mcom.netflix.discovery.DiscoveryClient[0;39m - [36mSaw local status change event StatusChangeEvent [timestamp=1585367591926, current=DOWN, previous=UP]
[0;39m[30m[0;39m [32m2020-03-28 11:53:11[0;39m [32m[Thread-52][0;39m [31mWARN [0;39m [1;35mcom.netflix.discovery.DiscoveryClient[0;39m - [36mSaw local status change event StatusChangeEvent [timestamp=1585367591970, current=DOWN, previous=UP]
[0;39m[30m[0;39m [32m2020-03-28 11:53:11[0;39m [32m[http-nio-9994-exec-7][0;39m [31mWARN [0;39m [1;35morg.springframework.web.servlet.PageNotFound[0;39m - [36mNo mapping found for HTTP request with URI [/eureka/apps/SPRINGCLOUD-CONSUMER] in DispatcherServlet with name 'dispatcherServlet'
[0;39m[30m[0;39m [32m2020-03-28 11:53:11[0;39m [32m[Thread-69][0;39m [31mWARN [0;39m [1;35mcom.netflix.discovery.shared.transport.decorator.RetryableEurekaHttpClient[0;39m - [36mRequest execution failure
[0;39m[30m[0;39m [32m2020-03-28 11:53:12[0;39m [32m[Thread-52][0;39m [31mWARN [0;39m [1;35mcom.netflix.discovery.shared.transport.decorator.RetryableEurekaHttpClient[0;39m - [36mRequest execution failure
[0;39m[30m[0;39m [32m2020-03-28 11:53:12[0;39m [32m[Thread-69][0;39m [31mWARN [0;39m [1;35mcom.netflix.discovery.shared.transport.decorator.RetryableEurekaHttpClient[0;39m - [36mRequest execution failure
[0;39m[30m[0;39m [32m2020-03-28 11:53:12[0;39m [32m[http-nio-9994-exec-8][0;39m [31mWARN [0;39m [1;35morg.springframework.web.servlet.PageNotFound[0;39m - [36mNo mapping found for HTTP request with URI [/eureka/apps/SPRINGCLOUD-CONSUMER/localhost:springCloud-consumer:9991] in DispatcherServlet with name 'dispatcherServlet'
[0;39m[30m[0;39m [32m2020-03-28 11:53:12[0;39m [32m[Thread-44][0;39m [31mWARN [0;39m [1;35mcom.netflix.discovery.DiscoveryClient[0;39m - [36mSaw local status change event StatusChangeEvent [timestamp=1585367592019, current=DOWN, previous=UP]
[0;39m[30m[0;39m [32m2020-03-28 11:53:12[0;39m [32m[Thread-44][0;39m [31mWARN [0;39m [1;35mcom.netflix.discovery.shared.transport.decorator.RetryableEurekaHttpClient[0;39m - [36mRequest execution failure
[0;39m[30m[0;39m [32m2020-03-28 11:53:12[0;39m [32m[Thread-44][0;39m [31mWARN [0;39m [1;35mcom.netflix.discovery.shared.transport.decorator.RetryableEurekaHttpClient[0;39m - [36mRequest execution failure
[0;39m[30m[0;39m [32m2020-03-28 11:53:12[0;39m [32m[Thread-44][0;39m [31mWARN [0;39m [1;35morg.springframework.context.annotation.AnnotationConfigApplicationContext[0;39m - [36mException thrown from ApplicationListener handling ContextClosedEvent
[0;39morg.springframework.beans.factory.BeanCreationNotAllowedException: Error creating bean with name 'org.springframework.cloud.netflix.eureka.EurekaDiscoveryClientConfiguration': Singleton bean creation not allowed while singletons of this factory are in destruction (Do not request a bean from a BeanFactory in a destroy method implementation!)
	at org.springframework.beans.factory.support.DefaultSingletonBeanRegistry.getSingleton(DefaultSingletonBeanRegistry.java:216)
	at org.springframework.beans.factory.support.AbstractBeanFactory.doGetBean(AbstractBeanFactory.java:302)
	at org.springframework.beans.factory.support.AbstractBeanFactory.getBean(AbstractBeanFactory.java:197)
	at org.springframework.context.support.AbstractApplicationContext.getBean(AbstractApplicationContext.java:1081)
	at org.springframework.context.event.ApplicationListenerMethodAdapter.getTargetBean(ApplicationListenerMethodAdapter.java:280)
	at org.springframework.context.event.ApplicationListenerMethodAdapter.doInvoke(ApplicationListenerMethodAdapter.java:250)
	at org.springframework.context.event.ApplicationListenerMethodAdapter.processEvent(ApplicationListenerMethodAdapter.java:174)
	at org.springframework.context.event.ApplicationListenerMethodAdapter.onApplicationEvent(ApplicationListenerMethodAdapter.java:137)
	at org.springframework.context.event.SimpleApplicationEventMulticaster.invokeListener(SimpleApplicationEventMulticaster.java:167)
	at org.springframework.context.event.SimpleApplicationEventMulticaster.multicastEvent(SimpleApplicationEventMulticaster.java:139)
	at org.springframework.context.support.AbstractApplicationContext.publishEvent(AbstractApplicationContext.java:383)
	at org.springframework.context.support.AbstractApplicationContext.publishEvent(AbstractApplicationContext.java:389)
	at org.springframework.context.support.AbstractApplicationContext.publishEvent(AbstractApplicationContext.java:337)
	at org.springframework.context.support.AbstractApplicationContext.doClose(AbstractApplicationContext.java:994)
	at org.springframework.context.support.AbstractApplicationContext.close(AbstractApplicationContext.java:961)
	at org.springframework.cloud.context.named.NamedContextFactory.destroy(NamedContextFactory.java:70)
	at org.springframework.beans.factory.support.DisposableBeanAdapter.destroy(DisposableBeanAdapter.java:272)
	at org.springframework.beans.factory.support.DefaultSingletonBeanRegistry.destroyBean(DefaultSingletonBeanRegistry.java:578)
	at org.springframework.beans.factory.support.DefaultSingletonBeanRegistry.destroySingleton(DefaultSingletonBeanRegistry.java:554)
	at org.springframework.beans.factory.support.DefaultListableBeanFactory.destroySingleton(DefaultListableBeanFactory.java:961)
	at org.springframework.beans.factory.support.DefaultSingletonBeanRegistry.destroySingletons(DefaultSingletonBeanRegistry.java:523)
	at org.springframework.beans.factory.support.DefaultListableBeanFactory.destroySingletons(DefaultListableBeanFactory.java:968)
	at org.springframework.context.support.AbstractApplicationContext.destroyBeans(AbstractApplicationContext.java:1033)
	at org.springframework.context.support.AbstractApplicationContext.doClose(AbstractApplicationContext.java:1009)
	at org.springframework.context.support.AbstractApplicationContext$2.run(AbstractApplicationContext.java:928)
[30m[0;39m [32m2020-03-28 11:53:12[0;39m [32m[Thread-44][0;39m [31mWARN [0;39m [1;35morg.springframework.context.annotation.AnnotationConfigApplicationContext[0;39m - [36mException thrown from ApplicationListener handling ContextClosedEvent
[0;39morg.springframework.beans.factory.BeanCreationNotAllowedException: Error creating bean with name 'org.springframework.cloud.netflix.eureka.EurekaDiscoveryClientConfiguration': Singleton bean creation not allowed while singletons of this factory are in destruction (Do not request a bean from a BeanFactory in a destroy method implementation!)
	at org.springframework.beans.factory.support.DefaultSingletonBeanRegistry.getSingleton(DefaultSingletonBeanRegistry.java:216)
	at org.springframework.beans.factory.support.AbstractBeanFactory.doGetBean(AbstractBeanFactory.java:302)
	at org.springframework.beans.factory.support.AbstractBeanFactory.getBean(AbstractBeanFactory.java:197)
	at org.springframework.context.support.AbstractApplicationContext.getBean(AbstractApplicationContext.java:1081)
	at org.springframework.context.event.ApplicationListenerMethodAdapter.getTargetBean(ApplicationListenerMethodAdapter.java:280)
	at org.springframework.context.event.ApplicationListenerMethodAdapter.doInvoke(ApplicationListenerMethodAdapter.java:250)
	at org.springframework.context.event.ApplicationListenerMethodAdapter.processEvent(ApplicationListenerMethodAdapter.java:174)
	at org.springframework.context.event.ApplicationListenerMethodAdapter.onApplicationEvent(ApplicationListenerMethodAdapter.java:137)
	at org.springframework.context.event.SimpleApplicationEventMulticaster.invokeListener(SimpleApplicationEventMulticaster.java:167)
	at org.springframework.context.event.SimpleApplicationEventMulticaster.multicastEvent(SimpleApplicationEventMulticaster.java:139)
	at org.springframework.context.support.AbstractApplicationContext.publishEvent(AbstractApplicationContext.java:383)
	at org.springframework.context.support.AbstractApplicationContext.publishEvent(AbstractApplicationContext.java:389)
	at org.springframework.context.support.AbstractApplicationContext.publishEvent(AbstractApplicationContext.java:337)
	at org.springframework.context.support.AbstractApplicationContext.doClose(AbstractApplicationContext.java:994)
	at org.springframework.context.support.AbstractApplicationContext.close(AbstractApplicationContext.java:961)
	at org.springframework.cloud.context.named.NamedContextFactory.destroy(NamedContextFactory.java:70)
	at org.springframework.beans.factory.support.DisposableBeanAdapter.destroy(DisposableBeanAdapter.java:272)
	at org.springframework.beans.factory.support.DefaultSingletonBeanRegistry.destroyBean(DefaultSingletonBeanRegistry.java:578)
	at org.springframework.beans.factory.support.DefaultSingletonBeanRegistry.destroySingleton(DefaultSingletonBeanRegistry.java:554)
	at org.springframework.beans.factory.support.DefaultListableBeanFactory.destroySingleton(DefaultListableBeanFactory.java:961)
	at org.springframework.beans.factory.support.DefaultSingletonBeanRegistry.destroySingletons(DefaultSingletonBeanRegistry.java:523)
	at org.springframework.beans.factory.support.DefaultListableBeanFactory.destroySingletons(DefaultListableBeanFactory.java:968)
	at org.springframework.context.support.AbstractApplicationContext.destroyBeans(AbstractApplicationContext.java:1033)
	at org.springframework.context.support.AbstractApplicationContext.doClose(AbstractApplicationContext.java:1009)
	at org.springframework.context.support.AbstractApplicationContext$2.run(AbstractApplicationContext.java:928)
[30m[0;39m [32m2020-03-28 11:53:12[0;39m [32m[Thread-43][0;39m [31mWARN [0;39m [1;35mcom.netflix.discovery.DiscoveryClient[0;39m - [36mSaw local status change event StatusChangeEvent [timestamp=1585367592068, current=DOWN, previous=UP]
[0;39m[30m[0;39m [32m2020-03-28 11:53:12[0;39m [32m[Thread-43][0;39m [31mWARN [0;39m [1;35mcom.netflix.discovery.shared.transport.decorator.RetryableEurekaHttpClient[0;39m - [36mRequest execution failure
[0;39m[30m[0;39m [32m2020-03-28 11:53:12[0;39m [32m[Thread-43][0;39m [31mWARN [0;39m [1;35mcom.netflix.discovery.shared.transport.decorator.RetryableEurekaHttpClient[0;39m - [36mRequest execution failure
[0;39m[30m[0;39m [32m2020-03-28 11:53:12[0;39m [32m[Thread-43][0;39m [31mWARN [0;39m [1;35mcom.netflix.discovery.shared.transport.decorator.RetryableEurekaHttpClient[0;39m - [36mRequest execution failure
[0;39m[30m[0;39m [32m2020-03-28 11:53:12[0;39m [32m[Thread-43][0;39m [31mWARN [0;39m [1;35mcom.netflix.config.sources.URLConfigurationSource[0;39m - [36mNo URLs will be polled as dynamic configuration sources.
[0;39m[30m[0;39m [32m2020-03-28 11:59:56[0;39m [32m[main][0;39m [31mWARN [0;39m [1;35mcom.netflix.config.sources.URLConfigurationSource[0;39m - [36mNo URLs will be polled as dynamic configuration sources.
[0;39m[30m[0;39m [32m2020-03-28 11:59:56[0;39m [32m[main][0;39m [31mWARN [0;39m [1;35mcom.netflix.config.sources.URLConfigurationSource[0;39m - [36mNo URLs will be polled as dynamic configuration sources.
[0;39m[30m[0;39m [32m2020-03-28 12:01:44[0;39m [32m[main][0;39m [31mWARN [0;39m [1;35mnet.sf.ehcache.config.ConfigurationFactory[0;39m - [36mNo configuration found. Configuring ehcache from ehcache-failsafe.xml  found in the classpath: jar:file:/Users/lxc/Public/data/net/sf/ehcache/ehcache/2.10.3/ehcache-2.10.3.jar!/ehcache-failsafe.xml
[0;39m[30m[0;39m [32m2020-03-28 12:01:44[0;39m [32m[main][0;39m [31mWARN [0;39m [1;35morg.hibernate.cache.ehcache.AbstractEhcacheRegionFactory[0;39m - [36mHHH020003: Could not find a specific ehcache configuration for cache named [org.hibernate.cache.spi.UpdateTimestampsCache]; using defaults.
[0;39m[30m[0;39m [32m2020-03-28 12:01:44[0;39m [32m[main][0;39m [31mWARN [0;39m [1;35morg.hibernate.cache.ehcache.AbstractEhcacheRegionFactory[0;39m - [36mHHH020003: Could not find a specific ehcache configuration for cache named [org.hibernate.cache.internal.StandardQueryCache]; using defaults.
[0;39m[30m[0;39m [32m2020-03-28 12:01:44[0;39m [32m[main][0;39m [31mWARN [0;39m [1;35morg.hibernate.cache.ehcache.AbstractEhcacheRegionFactory[0;39m - [36mHHH020003: Could not find a specific ehcache configuration for cache named [com.entity.Department]; using defaults.
[0;39m[30m[0;39m [32m2020-03-28 12:01:45[0;39m [32m[main][0;39m [31mWARN [0;39m [1;35morg.hibernate.tool.schema.internal.ExceptionHandlerLoggedImpl[0;39m - [36mGenerationTarget encountered exception accepting command : Error executing DDL via JDBC Statement
[0;39morg.hibernate.tool.schema.spi.CommandAcceptanceException: Error executing DDL via JDBC Statement
	at org.hibernate.tool.schema.internal.exec.GenerationTargetToDatabase.accept(GenerationTargetToDatabase.java:67)
	at org.hibernate.tool.schema.internal.AbstractSchemaMigrator.applySqlString(AbstractSchemaMigrator.java:559)
	at org.hibernate.tool.schema.internal.AbstractSchemaMigrator.applySqlStrings(AbstractSchemaMigrator.java:504)
	at org.hibernate.tool.schema.internal.AbstractSchemaMigrator.createTable(AbstractSchemaMigrator.java:277)
	at org.hibernate.tool.schema.internal.GroupedSchemaMigratorImpl.performTablesMigration(GroupedSchemaMigratorImpl.java:71)
	at org.hibernate.tool.schema.internal.AbstractSchemaMigrator.performMigration(AbstractSchemaMigrator.java:207)
	at org.hibernate.tool.schema.internal.AbstractSchemaMigrator.doMigration(AbstractSchemaMigrator.java:114)
	at org.hibernate.tool.schema.spi.SchemaManagementToolCoordinator.performDatabaseAction(SchemaManagementToolCoordinator.java:183)
	at org.hibernate.tool.schema.spi.SchemaManagementToolCoordinator.process(SchemaManagementToolCoordinator.java:72)
	at org.hibernate.internal.SessionFactoryImpl.<init>(SessionFactoryImpl.java:312)
	at org.hibernate.boot.internal.SessionFactoryBuilderImpl.build(SessionFactoryBuilderImpl.java:462)
	at org.hibernate.jpa.boot.internal.EntityManagerFactoryBuilderImpl.build(EntityManagerFactoryBuilderImpl.java:892)
	at org.springframework.orm.jpa.vendor.SpringHibernateJpaPersistenceProvider.createContainerEntityManagerFactory(SpringHibernateJpaPersistenceProvider.java:60)
	at org.springframework.orm.jpa.LocalContainerEntityManagerFactoryBean.createNativeEntityManagerFactory(LocalContainerEntityManagerFactoryBean.java:353)
	at org.springframework.orm.jpa.AbstractEntityManagerFactoryBean.buildNativeEntityManagerFactory(AbstractEntityManagerFactoryBean.java:370)
	at org.springframework.orm.jpa.AbstractEntityManagerFactoryBean.afterPropertiesSet(AbstractEntityManagerFactoryBean.java:359)
	at org.springframework.beans.factory.support.AbstractAutowireCapableBeanFactory.invokeInitMethods(AbstractAutowireCapableBeanFactory.java:1687)
	at org.springframework.beans.factory.support.AbstractAutowireCapableBeanFactory.initializeBean(AbstractAutowireCapableBeanFactory.java:1624)
	at org.springframework.beans.factory.support.AbstractAutowireCapableBeanFactory.doCreateBean(AbstractAutowireCapableBeanFactory.java:555)
	at org.springframework.beans.factory.support.AbstractAutowireCapableBeanFactory.createBean(AbstractAutowireCapableBeanFactory.java:483)
	at org.springframework.beans.factory.support.AbstractBeanFactory$1.getObject(AbstractBeanFactory.java:306)
	at org.springframework.beans.factory.support.DefaultSingletonBeanRegistry.getSingleton(DefaultSingletonBeanRegistry.java:230)
	at org.springframework.beans.factory.support.AbstractBeanFactory.doGetBean(AbstractBeanFactory.java:302)
	at org.springframework.beans.factory.support.AbstractBeanFactory.getBean(AbstractBeanFactory.java:197)
	at org.springframework.context.support.AbstractApplicationContext.getBean(AbstractApplicationContext.java:1081)
	at org.springframework.context.support.AbstractApplicationContext.finishBeanFactoryInitialization(AbstractApplicationContext.java:856)
	at org.springframework.context.support.AbstractApplicationContext.refresh(AbstractApplicationContext.java:542)
	at org.springframework.boot.context.embedded.EmbeddedWebApplicationContext.refresh(EmbeddedWebApplicationContext.java:122)
	at org.springframework.boot.SpringApplication.refresh(SpringApplication.java:762)
	at org.springframework.boot.SpringApplication.refreshContext(SpringApplication.java:372)
	at org.springframework.boot.SpringApplication.run(SpringApplication.java:316)
	at org.springframework.boot.SpringApplication.run(SpringApplication.java:1187)
	at org.springframework.boot.SpringApplication.run(SpringApplication.java:1176)
	at com.ApplicationControl.main(ApplicationControl.java:20)
Caused by: com.mysql.jdbc.exceptions.jdbc4.MySQLSyntaxErrorException: Table 'springboot_department' already exists
	at sun.reflect.NativeConstructorAccessorImpl.newInstance0(Native Method)
	at sun.reflect.NativeConstructorAccessorImpl.newInstance(NativeConstructorAccessorImpl.java:62)
	at sun.reflect.DelegatingConstructorAccessorImpl.newInstance(DelegatingConstructorAccessorImpl.java:45)
	at java.lang.reflect.Constructor.newInstance(Constructor.java:423)
	at com.mysql.jdbc.Util.handleNewInstance(Util.java:425)
	at com.mysql.jdbc.Util.getInstance(Util.java:408)
	at com.mysql.jdbc.SQLError.createSQLException(SQLError.java:943)
	at com.mysql.jdbc.MysqlIO.checkErrorPacket(MysqlIO.java:3973)
	at com.mysql.jdbc.MysqlIO.checkErrorPacket(MysqlIO.java:3909)
	at com.mysql.jdbc.MysqlIO.sendCommand(MysqlIO.java:2527)
	at com.mysql.jdbc.MysqlIO.sqlQueryDirect(MysqlIO.java:2680)
	at com.mysql.jdbc.ConnectionImpl.execSQL(ConnectionImpl.java:2497)
	at com.mysql.jdbc.ConnectionImpl.execSQL(ConnectionImpl.java:2455)
	at com.mysql.jdbc.StatementImpl.executeInternal(StatementImpl.java:839)
	at com.mysql.jdbc.StatementImpl.execute(StatementImpl.java:739)
	at com.alibaba.druid.filter.FilterChainImpl.statement_execute(FilterChainImpl.java:2489)
	at com.alibaba.druid.filter.FilterAdapter.statement_execute(FilterAdapter.java:2451)
	at com.alibaba.druid.filter.FilterEventAdapter.statement_execute(FilterEventAdapter.java:188)
	at com.alibaba.druid.filter.FilterChainImpl.statement_execute(FilterChainImpl.java:2487)
	at com.alibaba.druid.wall.WallFilter.statement_execute(WallFilter.java:398)
	at com.alibaba.druid.filter.FilterChainImpl.statement_execute(FilterChainImpl.java:2487)
	at com.alibaba.druid.filter.FilterAdapter.statement_execute(FilterAdapter.java:2451)
	at com.alibaba.druid.filter.FilterEventAdapter.statement_execute(FilterEventAdapter.java:188)
	at com.alibaba.druid.filter.FilterChainImpl.statement_execute(FilterChainImpl.java:2487)
	at com.alibaba.druid.proxy.jdbc.StatementProxyImpl.execute(StatementProxyImpl.java:137)
	at com.alibaba.druid.pool.DruidPooledStatement.execute(DruidPooledStatement.java:418)
	at org.hibernate.tool.schema.internal.exec.GenerationTargetToDatabase.accept(GenerationTargetToDatabase.java:54)
	... 33 common frames omitted
[30m[0;39m [32m2020-03-28 12:01:45[0;39m [32m[main][0;39m [31mWARN [0;39m [1;35morg.hibernate.tool.schema.internal.ExceptionHandlerLoggedImpl[0;39m - [36mGenerationTarget encountered exception accepting command : Error executing DDL via JDBC Statement
[0;39morg.hibernate.tool.schema.spi.CommandAcceptanceException: Error executing DDL via JDBC Statement
	at org.hibernate.tool.schema.internal.exec.GenerationTargetToDatabase.accept(GenerationTargetToDatabase.java:67)
	at org.hibernate.tool.schema.internal.AbstractSchemaMigrator.applySqlString(AbstractSchemaMigrator.java:559)
	at org.hibernate.tool.schema.internal.AbstractSchemaMigrator.applySqlStrings(AbstractSchemaMigrator.java:504)
	at org.hibernate.tool.schema.internal.AbstractSchemaMigrator.createTable(AbstractSchemaMigrator.java:277)
	at org.hibernate.tool.schema.internal.GroupedSchemaMigratorImpl.performTablesMigration(GroupedSchemaMigratorImpl.java:71)
	at org.hibernate.tool.schema.internal.AbstractSchemaMigrator.performMigration(AbstractSchemaMigrator.java:207)
	at org.hibernate.tool.schema.internal.AbstractSchemaMigrator.doMigration(AbstractSchemaMigrator.java:114)
	at org.hibernate.tool.schema.spi.SchemaManagementToolCoordinator.performDatabaseAction(SchemaManagementToolCoordinator.java:183)
	at org.hibernate.tool.schema.spi.SchemaManagementToolCoordinator.process(SchemaManagementToolCoordinator.java:72)
	at org.hibernate.internal.SessionFactoryImpl.<init>(SessionFactoryImpl.java:312)
	at org.hibernate.boot.internal.SessionFactoryBuilderImpl.build(SessionFactoryBuilderImpl.java:462)
	at org.hibernate.jpa.boot.internal.EntityManagerFactoryBuilderImpl.build(EntityManagerFactoryBuilderImpl.java:892)
	at org.springframework.orm.jpa.vendor.SpringHibernateJpaPersistenceProvider.createContainerEntityManagerFactory(SpringHibernateJpaPersistenceProvider.java:60)
	at org.springframework.orm.jpa.LocalContainerEntityManagerFactoryBean.createNativeEntityManagerFactory(LocalContainerEntityManagerFactoryBean.java:353)
	at org.springframework.orm.jpa.AbstractEntityManagerFactoryBean.buildNativeEntityManagerFactory(AbstractEntityManagerFactoryBean.java:370)
	at org.springframework.orm.jpa.AbstractEntityManagerFactoryBean.afterPropertiesSet(AbstractEntityManagerFactoryBean.java:359)
	at org.springframework.beans.factory.support.AbstractAutowireCapableBeanFactory.invokeInitMethods(AbstractAutowireCapableBeanFactory.java:1687)
	at org.springframework.beans.factory.support.AbstractAutowireCapableBeanFactory.initializeBean(AbstractAutowireCapableBeanFactory.java:1624)
	at org.springframework.beans.factory.support.AbstractAutowireCapableBeanFactory.doCreateBean(AbstractAutowireCapableBeanFactory.java:555)
	at org.springframework.beans.factory.support.AbstractAutowireCapableBeanFactory.createBean(AbstractAutowireCapableBeanFactory.java:483)
	at org.springframework.beans.factory.support.AbstractBeanFactory$1.getObject(AbstractBeanFactory.java:306)
	at org.springframework.beans.factory.support.DefaultSingletonBeanRegistry.getSingleton(DefaultSingletonBeanRegistry.java:230)
	at org.springframework.beans.factory.support.AbstractBeanFactory.doGetBean(AbstractBeanFactory.java:302)
	at org.springframework.beans.factory.support.AbstractBeanFactory.getBean(AbstractBeanFactory.java:197)
	at org.springframework.context.support.AbstractApplicationContext.getBean(AbstractApplicationContext.java:1081)
	at org.springframework.context.support.AbstractApplicationContext.finishBeanFactoryInitialization(AbstractApplicationContext.java:856)
	at org.springframework.context.support.AbstractApplicationContext.refresh(AbstractApplicationContext.java:542)
	at org.springframework.boot.context.embedded.EmbeddedWebApplicationContext.refresh(EmbeddedWebApplicationContext.java:122)
	at org.springframework.boot.SpringApplication.refresh(SpringApplication.java:762)
	at org.springframework.boot.SpringApplication.refreshContext(SpringApplication.java:372)
	at org.springframework.boot.SpringApplication.run(SpringApplication.java:316)
	at org.springframework.boot.SpringApplication.run(SpringApplication.java:1187)
	at org.springframework.boot.SpringApplication.run(SpringApplication.java:1176)
	at com.ApplicationControl.main(ApplicationControl.java:20)
Caused by: com.mysql.jdbc.exceptions.jdbc4.MySQLSyntaxErrorException: Table 'springboot_role' already exists
	at sun.reflect.NativeConstructorAccessorImpl.newInstance0(Native Method)
	at sun.reflect.NativeConstructorAccessorImpl.newInstance(NativeConstructorAccessorImpl.java:62)
	at sun.reflect.DelegatingConstructorAccessorImpl.newInstance(DelegatingConstructorAccessorImpl.java:45)
	at java.lang.reflect.Constructor.newInstance(Constructor.java:423)
	at com.mysql.jdbc.Util.handleNewInstance(Util.java:425)
	at com.mysql.jdbc.Util.getInstance(Util.java:408)
	at com.mysql.jdbc.SQLError.createSQLException(SQLError.java:943)
	at com.mysql.jdbc.MysqlIO.checkErrorPacket(MysqlIO.java:3973)
	at com.mysql.jdbc.MysqlIO.checkErrorPacket(MysqlIO.java:3909)
	at com.mysql.jdbc.MysqlIO.sendCommand(MysqlIO.java:2527)
	at com.mysql.jdbc.MysqlIO.sqlQueryDirect(MysqlIO.java:2680)
	at com.mysql.jdbc.ConnectionImpl.execSQL(ConnectionImpl.java:2497)
	at com.mysql.jdbc.ConnectionImpl.execSQL(ConnectionImpl.java:2455)
	at com.mysql.jdbc.StatementImpl.executeInternal(StatementImpl.java:839)
	at com.mysql.jdbc.StatementImpl.execute(StatementImpl.java:739)
	at com.alibaba.druid.filter.FilterChainImpl.statement_execute(FilterChainImpl.java:2489)
	at com.alibaba.druid.filter.FilterAdapter.statement_execute(FilterAdapter.java:2451)
	at com.alibaba.druid.filter.FilterEventAdapter.statement_execute(FilterEventAdapter.java:188)
	at com.alibaba.druid.filter.FilterChainImpl.statement_execute(FilterChainImpl.java:2487)
	at com.alibaba.druid.wall.WallFilter.statement_execute(WallFilter.java:398)
	at com.alibaba.druid.filter.FilterChainImpl.statement_execute(FilterChainImpl.java:2487)
	at com.alibaba.druid.filter.FilterAdapter.statement_execute(FilterAdapter.java:2451)
	at com.alibaba.druid.filter.FilterEventAdapter.statement_execute(FilterEventAdapter.java:188)
	at com.alibaba.druid.filter.FilterChainImpl.statement_execute(FilterChainImpl.java:2487)
	at com.alibaba.druid.proxy.jdbc.StatementProxyImpl.execute(StatementProxyImpl.java:137)
	at com.alibaba.druid.pool.DruidPooledStatement.execute(DruidPooledStatement.java:418)
	at org.hibernate.tool.schema.internal.exec.GenerationTargetToDatabase.accept(GenerationTargetToDatabase.java:54)
	... 33 common frames omitted
[30m[0;39m [32m2020-03-28 12:01:45[0;39m [32m[main][0;39m [31mWARN [0;39m [1;35morg.hibernate.tool.schema.internal.ExceptionHandlerLoggedImpl[0;39m - [36mGenerationTarget encountered exception accepting command : Error executing DDL via JDBC Statement
[0;39morg.hibernate.tool.schema.spi.CommandAcceptanceException: Error executing DDL via JDBC Statement
	at org.hibernate.tool.schema.internal.exec.GenerationTargetToDatabase.accept(GenerationTargetToDatabase.java:67)
	at org.hibernate.tool.schema.internal.AbstractSchemaMigrator.applySqlString(AbstractSchemaMigrator.java:559)
	at org.hibernate.tool.schema.internal.AbstractSchemaMigrator.applySqlStrings(AbstractSchemaMigrator.java:504)
	at org.hibernate.tool.schema.internal.AbstractSchemaMigrator.createTable(AbstractSchemaMigrator.java:277)
	at org.hibernate.tool.schema.internal.GroupedSchemaMigratorImpl.performTablesMigration(GroupedSchemaMigratorImpl.java:71)
	at org.hibernate.tool.schema.internal.AbstractSchemaMigrator.performMigration(AbstractSchemaMigrator.java:207)
	at org.hibernate.tool.schema.internal.AbstractSchemaMigrator.doMigration(AbstractSchemaMigrator.java:114)
	at org.hibernate.tool.schema.spi.SchemaManagementToolCoordinator.performDatabaseAction(SchemaManagementToolCoordinator.java:183)
	at org.hibernate.tool.schema.spi.SchemaManagementToolCoordinator.process(SchemaManagementToolCoordinator.java:72)
	at org.hibernate.internal.SessionFactoryImpl.<init>(SessionFactoryImpl.java:312)
	at org.hibernate.boot.internal.SessionFactoryBuilderImpl.build(SessionFactoryBuilderImpl.java:462)
	at org.hibernate.jpa.boot.internal.EntityManagerFactoryBuilderImpl.build(EntityManagerFactoryBuilderImpl.java:892)
	at org.springframework.orm.jpa.vendor.SpringHibernateJpaPersistenceProvider.createContainerEntityManagerFactory(SpringHibernateJpaPersistenceProvider.java:60)
	at org.springframework.orm.jpa.LocalContainerEntityManagerFactoryBean.createNativeEntityManagerFactory(LocalContainerEntityManagerFactoryBean.java:353)
	at org.springframework.orm.jpa.AbstractEntityManagerFactoryBean.buildNativeEntityManagerFactory(AbstractEntityManagerFactoryBean.java:370)
	at org.springframework.orm.jpa.AbstractEntityManagerFactoryBean.afterPropertiesSet(AbstractEntityManagerFactoryBean.java:359)
	at org.springframework.beans.factory.support.AbstractAutowireCapableBeanFactory.invokeInitMethods(AbstractAutowireCapableBeanFactory.java:1687)
	at org.springframework.beans.factory.support.AbstractAutowireCapableBeanFactory.initializeBean(AbstractAutowireCapableBeanFactory.java:1624)
	at org.springframework.beans.factory.support.AbstractAutowireCapableBeanFactory.doCreateBean(AbstractAutowireCapableBeanFactory.java:555)
	at org.springframework.beans.factory.support.AbstractAutowireCapableBeanFactory.createBean(AbstractAutowireCapableBeanFactory.java:483)
	at org.springframework.beans.factory.support.AbstractBeanFactory$1.getObject(AbstractBeanFactory.java:306)
	at org.springframework.beans.factory.support.DefaultSingletonBeanRegistry.getSingleton(DefaultSingletonBeanRegistry.java:230)
	at org.springframework.beans.factory.support.AbstractBeanFactory.doGetBean(AbstractBeanFactory.java:302)
	at org.springframework.beans.factory.support.AbstractBeanFactory.getBean(AbstractBeanFactory.java:197)
	at org.springframework.context.support.AbstractApplicationContext.getBean(AbstractApplicationContext.java:1081)
	at org.springframework.context.support.AbstractApplicationContext.finishBeanFactoryInitialization(AbstractApplicationContext.java:856)
	at org.springframework.context.support.AbstractApplicationContext.refresh(AbstractApplicationContext.java:542)
	at org.springframework.boot.context.embedded.EmbeddedWebApplicationContext.refresh(EmbeddedWebApplicationContext.java:122)
	at org.springframework.boot.SpringApplication.refresh(SpringApplication.java:762)
	at org.springframework.boot.SpringApplication.refreshContext(SpringApplication.java:372)
	at org.springframework.boot.SpringApplication.run(SpringApplication.java:316)
	at org.springframework.boot.SpringApplication.run(SpringApplication.java:1187)
	at org.springframework.boot.SpringApplication.run(SpringApplication.java:1176)
	at com.ApplicationControl.main(ApplicationControl.java:20)
Caused by: com.mysql.jdbc.exceptions.jdbc4.MySQLSyntaxErrorException: Table 'springboot_user' already exists
	at sun.reflect.NativeConstructorAccessorImpl.newInstance0(Native Method)
	at sun.reflect.NativeConstructorAccessorImpl.newInstance(NativeConstructorAccessorImpl.java:62)
	at sun.reflect.DelegatingConstructorAccessorImpl.newInstance(DelegatingConstructorAccessorImpl.java:45)
	at java.lang.reflect.Constructor.newInstance(Constructor.java:423)
	at com.mysql.jdbc.Util.handleNewInstance(Util.java:425)
	at com.mysql.jdbc.Util.getInstance(Util.java:408)
	at com.mysql.jdbc.SQLError.createSQLException(SQLError.java:943)
	at com.mysql.jdbc.MysqlIO.checkErrorPacket(MysqlIO.java:3973)
	at com.mysql.jdbc.MysqlIO.checkErrorPacket(MysqlIO.java:3909)
	at com.mysql.jdbc.MysqlIO.sendCommand(MysqlIO.java:2527)
	at com.mysql.jdbc.MysqlIO.sqlQueryDirect(MysqlIO.java:2680)
	at com.mysql.jdbc.ConnectionImpl.execSQL(ConnectionImpl.java:2497)
	at com.mysql.jdbc.ConnectionImpl.execSQL(ConnectionImpl.java:2455)
	at com.mysql.jdbc.StatementImpl.executeInternal(StatementImpl.java:839)
	at com.mysql.jdbc.StatementImpl.execute(StatementImpl.java:739)
	at com.alibaba.druid.filter.FilterChainImpl.statement_execute(FilterChainImpl.java:2489)
	at com.alibaba.druid.filter.FilterAdapter.statement_execute(FilterAdapter.java:2451)
	at com.alibaba.druid.filter.FilterEventAdapter.statement_execute(FilterEventAdapter.java:188)
	at com.alibaba.druid.filter.FilterChainImpl.statement_execute(FilterChainImpl.java:2487)
	at com.alibaba.druid.wall.WallFilter.statement_execute(WallFilter.java:398)
	at com.alibaba.druid.filter.FilterChainImpl.statement_execute(FilterChainImpl.java:2487)
	at com.alibaba.druid.filter.FilterAdapter.statement_execute(FilterAdapter.java:2451)
	at com.alibaba.druid.filter.FilterEventAdapter.statement_execute(FilterEventAdapter.java:188)
	at com.alibaba.druid.filter.FilterChainImpl.statement_execute(FilterChainImpl.java:2487)
	at com.alibaba.druid.proxy.jdbc.StatementProxyImpl.execute(StatementProxyImpl.java:137)
	at com.alibaba.druid.pool.DruidPooledStatement.execute(DruidPooledStatement.java:418)
	at org.hibernate.tool.schema.internal.exec.GenerationTargetToDatabase.accept(GenerationTargetToDatabase.java:54)
	... 33 common frames omitted
[30m[0;39m [32m2020-03-28 12:01:46[0;39m [32m[main][0;39m [31mWARN [0;39m [1;35morg.hibernate.tool.schema.internal.ExceptionHandlerLoggedImpl[0;39m - [36mGenerationTarget encountered exception accepting command : Error executing DDL via JDBC Statement
[0;39morg.hibernate.tool.schema.spi.CommandAcceptanceException: Error executing DDL via JDBC Statement
	at org.hibernate.tool.schema.internal.exec.GenerationTargetToDatabase.accept(GenerationTargetToDatabase.java:67)
	at org.hibernate.tool.schema.internal.AbstractSchemaMigrator.applySqlString(AbstractSchemaMigrator.java:559)
	at org.hibernate.tool.schema.internal.AbstractSchemaMigrator.applySqlStrings(AbstractSchemaMigrator.java:504)
	at org.hibernate.tool.schema.internal.AbstractSchemaMigrator.createTable(AbstractSchemaMigrator.java:277)
	at org.hibernate.tool.schema.internal.GroupedSchemaMigratorImpl.performTablesMigration(GroupedSchemaMigratorImpl.java:71)
	at org.hibernate.tool.schema.internal.AbstractSchemaMigrator.performMigration(AbstractSchemaMigrator.java:207)
	at org.hibernate.tool.schema.internal.AbstractSchemaMigrator.doMigration(AbstractSchemaMigrator.java:114)
	at org.hibernate.tool.schema.spi.SchemaManagementToolCoordinator.performDatabaseAction(SchemaManagementToolCoordinator.java:183)
	at org.hibernate.tool.schema.spi.SchemaManagementToolCoordinator.process(SchemaManagementToolCoordinator.java:72)
	at org.hibernate.internal.SessionFactoryImpl.<init>(SessionFactoryImpl.java:312)
	at org.hibernate.boot.internal.SessionFactoryBuilderImpl.build(SessionFactoryBuilderImpl.java:462)
	at org.hibernate.jpa.boot.internal.EntityManagerFactoryBuilderImpl.build(EntityManagerFactoryBuilderImpl.java:892)
	at org.springframework.orm.jpa.vendor.SpringHibernateJpaPersistenceProvider.createContainerEntityManagerFactory(SpringHibernateJpaPersistenceProvider.java:60)
	at org.springframework.orm.jpa.LocalContainerEntityManagerFactoryBean.createNativeEntityManagerFactory(LocalContainerEntityManagerFactoryBean.java:353)
	at org.springframework.orm.jpa.AbstractEntityManagerFactoryBean.buildNativeEntityManagerFactory(AbstractEntityManagerFactoryBean.java:370)
	at org.springframework.orm.jpa.AbstractEntityManagerFactoryBean.afterPropertiesSet(AbstractEntityManagerFactoryBean.java:359)
	at org.springframework.beans.factory.support.AbstractAutowireCapableBeanFactory.invokeInitMethods(AbstractAutowireCapableBeanFactory.java:1687)
	at org.springframework.beans.factory.support.AbstractAutowireCapableBeanFactory.initializeBean(AbstractAutowireCapableBeanFactory.java:1624)
	at org.springframework.beans.factory.support.AbstractAutowireCapableBeanFactory.doCreateBean(AbstractAutowireCapableBeanFactory.java:555)
	at org.springframework.beans.factory.support.AbstractAutowireCapableBeanFactory.createBean(AbstractAutowireCapableBeanFactory.java:483)
	at org.springframework.beans.factory.support.AbstractBeanFactory$1.getObject(AbstractBeanFactory.java:306)
	at org.springframework.beans.factory.support.DefaultSingletonBeanRegistry.getSingleton(DefaultSingletonBeanRegistry.java:230)
	at org.springframework.beans.factory.support.AbstractBeanFactory.doGetBean(AbstractBeanFactory.java:302)
	at org.springframework.beans.factory.support.AbstractBeanFactory.getBean(AbstractBeanFactory.java:197)
	at org.springframework.context.support.AbstractApplicationContext.getBean(AbstractApplicationContext.java:1081)
	at org.springframework.context.support.AbstractApplicationContext.finishBeanFactoryInitialization(AbstractApplicationContext.java:856)
	at org.springframework.context.support.AbstractApplicationContext.refresh(AbstractApplicationContext.java:542)
	at org.springframework.boot.context.embedded.EmbeddedWebApplicationContext.refresh(EmbeddedWebApplicationContext.java:122)
	at org.springframework.boot.SpringApplication.refresh(SpringApplication.java:762)
	at org.springframework.boot.SpringApplication.refreshContext(SpringApplication.java:372)
	at org.springframework.boot.SpringApplication.run(SpringApplication.java:316)
	at org.springframework.boot.SpringApplication.run(SpringApplication.java:1187)
	at org.springframework.boot.SpringApplication.run(SpringApplication.java:1176)
	at com.ApplicationControl.main(ApplicationControl.java:20)
Caused by: com.mysql.jdbc.exceptions.jdbc4.MySQLSyntaxErrorException: Table 'springboot_user_role' already exists
	at sun.reflect.NativeConstructorAccessorImpl.newInstance0(Native Method)
	at sun.reflect.NativeConstructorAccessorImpl.newInstance(NativeConstructorAccessorImpl.java:62)
	at sun.reflect.DelegatingConstructorAccessorImpl.newInstance(DelegatingConstructorAccessorImpl.java:45)
	at java.lang.reflect.Constructor.newInstance(Constructor.java:423)
	at com.mysql.jdbc.Util.handleNewInstance(Util.java:425)
	at com.mysql.jdbc.Util.getInstance(Util.java:408)
	at com.mysql.jdbc.SQLError.createSQLException(SQLError.java:943)
	at com.mysql.jdbc.MysqlIO.checkErrorPacket(MysqlIO.java:3973)
	at com.mysql.jdbc.MysqlIO.checkErrorPacket(MysqlIO.java:3909)
	at com.mysql.jdbc.MysqlIO.sendCommand(MysqlIO.java:2527)
	at com.mysql.jdbc.MysqlIO.sqlQueryDirect(MysqlIO.java:2680)
	at com.mysql.jdbc.ConnectionImpl.execSQL(ConnectionImpl.java:2497)
	at com.mysql.jdbc.ConnectionImpl.execSQL(ConnectionImpl.java:2455)
	at com.mysql.jdbc.StatementImpl.executeInternal(StatementImpl.java:839)
	at com.mysql.jdbc.StatementImpl.execute(StatementImpl.java:739)
	at com.alibaba.druid.filter.FilterChainImpl.statement_execute(FilterChainImpl.java:2489)
	at com.alibaba.druid.filter.FilterAdapter.statement_execute(FilterAdapter.java:2451)
	at com.alibaba.druid.filter.FilterEventAdapter.statement_execute(FilterEventAdapter.java:188)
	at com.alibaba.druid.filter.FilterChainImpl.statement_execute(FilterChainImpl.java:2487)
	at com.alibaba.druid.wall.WallFilter.statement_execute(WallFilter.java:398)
	at com.alibaba.druid.filter.FilterChainImpl.statement_execute(FilterChainImpl.java:2487)
	at com.alibaba.druid.filter.FilterAdapter.statement_execute(FilterAdapter.java:2451)
	at com.alibaba.druid.filter.FilterEventAdapter.statement_execute(FilterEventAdapter.java:188)
	at com.alibaba.druid.filter.FilterChainImpl.statement_execute(FilterChainImpl.java:2487)
	at com.alibaba.druid.proxy.jdbc.StatementProxyImpl.execute(StatementProxyImpl.java:137)
	at com.alibaba.druid.pool.DruidPooledStatement.execute(DruidPooledStatement.java:418)
	at org.hibernate.tool.schema.internal.exec.GenerationTargetToDatabase.accept(GenerationTargetToDatabase.java:54)
	... 33 common frames omitted
[30m[0;39m [32m2020-03-28 12:01:50[0;39m [32m[main][0;39m [31mWARN [0;39m [1;35mcom.netflix.config.sources.URLConfigurationSource[0;39m - [36mNo URLs will be polled as dynamic configuration sources.
[0;39m[30m[0;39m [32m2020-03-28 12:01:50[0;39m [32m[main][0;39m [31mWARN [0;39m [1;35mcom.netflix.config.sources.URLConfigurationSource[0;39m - [36mNo URLs will be polled as dynamic configuration sources.
[0;39m[30m[0;39m [32m2020-03-28 12:47:36[0;39m [32m[Thread-69][0;39m [31mWARN [0;39m [1;35mcom.netflix.discovery.DiscoveryClient[0;39m - [36mSaw local status change event StatusChangeEvent [timestamp=1585370856859, current=DOWN, previous=UP]
[0;39m[30m[0;39m [32m2020-03-28 12:47:36[0;39m [32m[Thread-69][0;39m [31mWARN [0;39m [1;35mcom.netflix.discovery.shared.transport.decorator.RetryableEurekaHttpClient[0;39m - [36mRequest execution failure
[0;39m[30m[0;39m [32m2020-03-28 12:47:36[0;39m [32m[Thread-69][0;39m [31mWARN [0;39m [1;35mcom.netflix.discovery.shared.transport.decorator.RetryableEurekaHttpClient[0;39m - [36mRequest execution failure
[0;39m